<?xml version="1.0" encoding="UTF-8"?>
<!--

    Copyright (C) 2011  JTalks.org Team
    This library is free software; you can redistribute it and/or
    modify it under the terms of the GNU Lesser General Public
    License as published by the Free Software Foundation; either
    version 2.1 of the License, or (at your option) any later version.
    This library is distributed in the hope that it will be useful,
    but WITHOUT ANY WARRANTY; without even the implied warranty of
    MERCHANTABILITY or FITNESS FOR A PARTICULAR PURPOSE.  See the GNU
    Lesser General Public License for more details.
    You should have received a copy of the GNU Lesser General Public
    License along with this library; if not, write to the Free Software
    Foundation, Inc., 51 Franklin Street, Fifth Floor, Boston, MA  02110-1301  USA

-->
<beans xmlns="http://www.springframework.org/schema/beans"
       xmlns:xsi="http://www.w3.org/2001/XMLSchema-instance" xmlns:util="http://www.springframework.org/schema/util"
       xsi:schemaLocation="http://www.springframework.org/schema/beans http://www.springframework.org/schema/beans/spring-beans.xsd http://www.springframework.org/schema/util http://www.springframework.org/schema/util/spring-util.xsd">
  <import resource="classpath:/org/jtalks/jcommune/model/entity/applicationContext-dao.xml"/>
  <import resource="classpath:/org/jtalks/jcommune/model/entity/applicationContext-properties.xml"/>
  <import resource="classpath:/org/jtalks/jcommune/service/applicationContext-service.xml"/>
  <import resource="classpath:/org/jtalks/jcommune/service/security-service-context.xml"/>
  <import resource="classpath:/org/jtalks/jcommune/service/email-context.xml"/>
  <import resource="classpath:/org/jtalks/jcommune/web/applicationContext-controller.xml"/>
  <import resource="classpath:security-context.xml"/>
  <import resource="classpath:spring-dispatcher-servlet.xml"/>

  <util:list id="testFilters" value-type="javax.servlet.Filter">
    <ref bean="springSecurityFilterChain"/>
    <ref bean="loggingConfigurationFilter"/>
    <bean class="org.jtalks.jcommune.web.filters.HeadRequestTypeFilter"/>
  </util:list>

  <!-- SELECT @@IDENTITY does not work with HSQL db-->
  <bean id="aclService" class="org.jtalks.common.security.acl.JtalksMutableAcService">
    <constructor-arg ref="dataSource"/>
    <constructor-arg ref="lookupStrategy"/>
    <constructor-arg ref="aclCache"/>
    <property name="sidFactory" ref="jtalksSidFactory"/>
  </bean>

  <bean class="org.jtalks.jcommune.test.utils.Branches"/>
  <bean class="org.jtalks.jcommune.test.utils.Groups"/>
  <bean class="org.jtalks.jcommune.test.service.GroupsService"/>
  <bean class="org.jtalks.jcommune.test.service.ComponentService"/>
  <bean class="org.jtalks.jcommune.test.service.SectionService"/>

  <bean id="mockMvc" class="org.jtalks.jcommune.test.utils.MockMvcFactoryBean">
    <constructor-arg index="0" ref="testFilters"/>
  </bean>
  <!--We don't use FlywayWrapper here because we don't need to disable migrations and also FlywayWrapper is MySQL-oriented-->
  <bean id="flyway_jcommune" class="com.googlecode.flyway.core.Flyway"
        init-method="migrate">
    <property name="dataSource" ref="dataSource"/>
    <property name="initOnMigrate" value="true" />
    <property name="locations" value="org.jtalks.jcommune.migrations/test"/>
    <property name="table" value="jcommune_schema_version"/>
  </bean>

  <bean id="modelAndViewUsers" name="pageUsers, users" class="org.jtalks.jcommune.test.utils.page.PageUsers"/>
  <bean id="jsonResponseUsers" name="popUpUsers" class="org.jtalks.jcommune.test.utils.popup.PopUpUsers"/>

  <!--We should override localeResolver here to use english messages in tests-->
  <bean id="localeResolver" class="org.jtalks.jcommune.plugin.api.web.locale.JcLocaleResolver"
        factory-method="getInstance">
    <property name="defaultLocale" value="en"/>
    <property name="userReader"  ref="userService"/>
  </bean>
</beans>